#
# A fatal error has been detected by the Java Runtime Environment:
#
#  SIGSEGV (0xb) at pc=0x00007ff80a140cba, pid=19063, tid=76303
#
# JRE version: OpenJDK Runtime Environment Temurin-11.0.17+8 (11.0.17+8) (build 11.0.17+8)
# Java VM: OpenJDK 64-Bit Server VM Temurin-11.0.17+8 (11.0.17+8, mixed mode, tiered, compressed oops, g1 gc, bsd-amd64)
# Problematic frame:
# C  [libobjc.A.dylib+0x9cba]  objc_release+0x2a
#
# No core dump will be written. Core dumps have been disabled. To enable core dumping, try "ulimit -c unlimited" before starting Java again
#
# If you would like to submit a bug report, please visit:
#   https://github.com/adoptium/adoptium-support/issues
# The crash happened outside the Java Virtual Machine in native code.
# See problematic frame for where to report the bug.
#

---------------  S U M M A R Y ------------

Command Line: -Dfile.encoding=UTF-8 --module-path=/Users/teodoroadinolfi/Desktop/HelloDinoTerrain/build/classes hello.Main

Host: MacBookPro15,2 x86_64 2300 MHz, 8 cores, 8G, Darwin 22.4.0
Time: Sun Jun 11 11:36:58 2023 CEST elapsed time: 3.087900 seconds (0d 0h 0m 3s)

---------------  T H R E A D  ---------------

Current thread (0x00007ff60f3d5800):  JavaThread "jME3 Main" [_thread_in_native, id=76303, stack(0x000070000a33d000,0x000070000a43d000)]

Stack: [0x000070000a33d000,0x000070000a43d000],  sp=0x000070000a43c4c8,  free space=1021k
Native frames: (J=compiled Java code, A=aot compiled Java code, j=interpreted, Vv=VM code, C=native code)
C  [libobjc.A.dylib+0x9cba]  objc_release+0x2a
C  [libobjc.A.dylib+0xa979]  objc_autoreleasePoolPop+0xe3
C  [CoreFoundation+0x4006e]  _CFAutoreleasePoolPop+0x16
C  [Foundation+0x1f38d]  -[NSAutoreleasePool release]+0x85
C  [liblwjgl.dylib+0x16cce]  Java_org_lwjgl_opengl_MacOSXContextImplementation_setView+0x10e
j  org.lwjgl.opengl.MacOSXContextImplementation.setView(Ljava/nio/ByteBuffer;Ljava/nio/ByteBuffer;)V+0
j  org.lwjgl.opengl.MacOSXContextImplementation.makeCurrent(Lorg/lwjgl/opengl/PeerInfo;Ljava/nio/ByteBuffer;)V+7
j  org.lwjgl.opengl.ContextGL.makeCurrent()V+46
j  org.lwjgl.opengl.DrawableGL.makeCurrent()V+14
j  org.lwjgl.opengl.Display.makeCurrent()V+3
j  org.lwjgl.opengl.Display.makeCurrentAndSetSwapInterval()V+0
j  org.lwjgl.opengl.Display.create(Lorg/lwjgl/opengl/PixelFormat;Lorg/lwjgl/opengl/Drawable;Lorg/lwjgl/opengl/ContextAttribs;)V+108
j  org.lwjgl.opengl.Display.create(Lorg/lwjgl/opengl/PixelFormat;)V+12
j  com.jme3.system.lwjgl.LwjglDisplay.createContext(Lcom/jme3/system/AppSettings;)V+394
j  com.jme3.system.lwjgl.LwjglAbstractDisplay.initInThread()Z+25
j  com.jme3.system.lwjgl.LwjglAbstractDisplay.run()V+36
j  java.lang.Thread.run()V+11 java.base@11.0.17
v  ~StubRoutines::call_stub
V  [libjvm.dylib+0x3b892a]  JavaCalls::call_helper(JavaValue*, methodHandle const&, JavaCallArguments*, Thread*)+0x1fe
V  [libjvm.dylib+0x3b7d90]  JavaCalls::call_virtual(JavaValue*, Klass*, Symbol*, Symbol*, JavaCallArguments*, Thread*)+0xee
V  [libjvm.dylib+0x3b7e4c]  JavaCalls::call_virtual(JavaValue*, Handle, Klass*, Symbol*, Symbol*, Thread*)+0x62
V  [libjvm.dylib+0x43ee00]  thread_entry(JavaThread*, Thread*)+0x78
V  [libjvm.dylib+0x77eb9a]  JavaThread::thread_main_inner()+0x82
V  [libjvm.dylib+0x77e9ee]  JavaThread::run()+0x122
V  [libjvm.dylib+0x77c908]  Thread::call_run()+0x68
V  [libjvm.dylib+0x62acf0]  thread_native_entry(Thread*)+0x125
C  [libsystem_pthread.dylib+0x61d3]  _pthread_start+0x7d
C  [libsystem_pthread.dylib+0x1bd3]  thread_start+0xf

Java frames: (J=compiled Java code, j=interpreted, Vv=VM code)
j  org.lwjgl.opengl.MacOSXContextImplementation.setView(Ljava/nio/ByteBuffer;Ljava/nio/ByteBuffer;)V+0
j  org.lwjgl.opengl.MacOSXContextImplementation.makeCurrent(Lorg/lwjgl/opengl/PeerInfo;Ljava/nio/ByteBuffer;)V+7
j  org.lwjgl.opengl.ContextGL.makeCurrent()V+46
j  org.lwjgl.opengl.DrawableGL.makeCurrent()V+14
j  org.lwjgl.opengl.Display.makeCurrent()V+3
j  org.lwjgl.opengl.Display.makeCurrentAndSetSwapInterval()V+0
j  org.lwjgl.opengl.Display.create(Lorg/lwjgl/opengl/PixelFormat;Lorg/lwjgl/opengl/Drawable;Lorg/lwjgl/opengl/ContextAttribs;)V+108
j  org.lwjgl.opengl.Display.create(Lorg/lwjgl/opengl/PixelFormat;)V+12
j  com.jme3.system.lwjgl.LwjglDisplay.createContext(Lcom/jme3/system/AppSettings;)V+394
j  com.jme3.system.lwjgl.LwjglAbstractDisplay.initInThread()Z+25
j  com.jme3.system.lwjgl.LwjglAbstractDisplay.run()V+36
j  java.lang.Thread.run()V+11 java.base@11.0.17
v  ~StubRoutines::call_stub

siginfo: si_signo: 11 (SIGSEGV), si_code: 1 (SEGV_MAPERR), si_addr: 0x0000061785fd4b90

Register to memory mapping:

RAX=0x0000861785fd4b70 is an unknown value
RBX=0x0000000000000001 is an unknown value
RCX=0x00007ff60f304108 points into unknown readable memory: 0xa3a3a3a3a3a3a3a3 | a3 a3 a3 a3 a3 a3 a3 a3
RDX=0x0000061785fd4b70 is an unknown value
RSP=0x000070000a43c4c8 is pointing into the stack for thread: 0x00007ff60f3d5800
RBP=0x000070000a43c500 is pointing into the stack for thread: 0x00007ff60f3d5800
RSI=0x0100000000000000 is an unknown value
RDI=0x0000600003084b70 points into unknown readable memory: 0x0000861785fd4b70 | 70 4b fd 85 17 86 00 00
R8 =0x00007ffffffffff8 is an unknown value
R9 =0x0 is NULL
R10=0x00007ff84dbb9ef0: OBJC_CLASS_$___NSCFType+0 in /System/Library/Frameworks/CoreFoundation.framework/Versions/A/CoreFoundation at 0x00007ff80a532000
R11=0x00007ff80a584750: -[__NSCFType release]+0 in /System/Library/Frameworks/CoreFoundation.framework/Versions/A/CoreFoundation at 0x00007ff80a532000
R12=0xa3a3a3a3a3a3a3a3 is an unknown value
R13=0x0000600003084b70 points into unknown readable memory: 0x0000861785fd4b70 | 70 4b fd 85 17 86 00 00
R14=0x00007ff60f304000 points into unknown readable memory: 0x4f545541a1a1a1a1 | a1 a1 a1 a1 41 55 54 4f
R15=0x00007ff60f3040d0 points into unknown readable memory: 0x0000000000000000 | 00 00 00 00 00 00 00 00


Registers:
RAX=0x0000861785fd4b70, RBX=0x0000000000000001, RCX=0x00007ff60f304108, RDX=0x0000061785fd4b70
RSP=0x000070000a43c4c8, RBP=0x000070000a43c500, RSI=0x0100000000000000, RDI=0x0000600003084b70
R8 =0x00007ffffffffff8, R9 =0x0000000000000000, R10=0x00007ff84dbb9ef0, R11=0x00007ff80a584750
R12=0xa3a3a3a3a3a3a3a3, R13=0x0000600003084b70, R14=0x00007ff60f304000, R15=0x00007ff60f3040d0
RIP=0x00007ff80a140cba, EFLAGS=0x0000000000010202, ERR=0x0000000000000004
  TRAPNO=0x000000000000000e

Top of Stack: (sp=0x000070000a43c4c8)
0x000070000a43c4c8:   00007ff80a14461c 598f866b02ae0085
0x000070000a43c4d8:   00007ff60f304000 0000600003072460
0x000070000a43c4e8:   00000001298b2468 00007ff60f3040d0
0x000070000a43c4f8:   0000600003072460 000070000a43c520
0x000070000a43c508:   00007ff80a141979 00007ff60f3040d0
0x000070000a43c518:   00007ff829430c84 000070000a43c540
0x000070000a43c528:   00007ff80a57206e 598f866b02ae0085
0x000070000a43c538:   0000600001abe520 000070000a43c580
0x000070000a43c548:   00007ff80b3f838d 00007ff84a348e10
0x000070000a43c558:   0000000000000000 598f866b02ae0085
0x000070000a43c568:   0000600001abe520 000060000305e130
0x000070000a43c578:   00007ff60f3d5b48 000070000a43c5b0
0x000070000a43c588:   0000000159bb2cce 00000001298b2470
0x000070000a43c598:   0000000000000000 000070000a43c640
0x000070000a43c5a8:   00007ff60f3d5800 000070000a43c618
0x000070000a43c5b8:   000000010c0e0a10 00000000000000b8
0x000070000a43c5c8:   000000010c0e0716 000070000a43c5d0
0x000070000a43c5d8:   00000001298b2468 000070000a43c640
0x000070000a43c5e8:   00000001298b2a18 0000000000000000
0x000070000a43c5f8:   000000078153a020 00000001298b2470
0x000070000a43c608:   0000000000000000 000070000a43c638
0x000070000a43c618:   000070000a43c690 000000010c0db267
0x000070000a43c628:   000000078153a020 000000010c0ddab8
0x000070000a43c638:   0000000781544b10 00000007816b2e28
0x000070000a43c648:   000070000a43c648 00000001298b2367
0x000070000a43c658:   000070000a43c6c0 00000001298b2a18
0x000070000a43c668:   0000000000000000 000000078153a020
0x000070000a43c678:   00000001298b23d8 000070000a43c638
0x000070000a43c688:   000070000a43c6b0 000070000a43c720
0x000070000a43c698:   000000010c0db2ac 0000000000000000
0x000070000a43c6a8:   00000007816b2e28 0000000781544b10
0x000070000a43c6b8:   00000007816b2d68 000000078153a148 

Instructions: (pc=0x00007ff80a140cba)
0x00007ff80a140bba:   00 48 89 df 48 89 c6 e8 3d 9a 01 00 84 c0 75 23
0x00007ff80a140bca:   66 f0 41 81 4e 1e 00 80 48 8b 05 f7 6d c9 41 48
0x00007ff80a140bda:   8b 00 48 3b 45 e0 75 2c 48 83 c4 48 5b 41 5e 41
0x00007ff80a140bea:   5f 5d c3 31 c0 83 3d 3e 38 cd 41 00 74 da 0f b6
0x00007ff80a140bfa:   d0 4c 89 f7 be 02 00 00 00 e8 51 f3 01 00 eb c8
0x00007ff80a140c0a:   b0 01 eb e1 e8 eb fd 01 00 90 90 90 90 90 90 90
0x00007ff80a140c1a:   90 90 90 90 90 90 90 e9 05 00 00 00 90 90 90 90
0x00007ff80a140c2a:   90 40 f6 c7 01 75 4e 48 8b 07 a8 01 74 34 48 b9
0x00007ff80a140c3a:   00 00 00 00 00 00 00 01 48 89 c2 48 c1 ea 37 74
0x00007ff80a140c4a:   34 48 89 c2 48 01 ca 72 12 f0 48 0f b1 17 74 25
0x00007ff80a140c5a:   a8 01 75 e4 31 f6 e9 b5 dc 01 00 31 f6 e9 84 74
0x00007ff80a140c6a:   00 00 48 b9 f8 ff ff ff ff 7f 00 00 48 21 c8 f6
0x00007ff80a140c7a:   40 1e 01 74 df 48 89 f8 c3 90 90 90 90 90 90 90
0x00007ff80a140c8a:   90 90 90 90 90 90 48 85 ff 0f 84 9c 00 00 00 89
0x00007ff80a140c9a:   f8 83 e0 01 48 85 c0 0f 85 8e 00 00 00 49 b8 f8
0x00007ff80a140caa:   ff ff ff ff 7f 00 00 48 8b 07 48 89 c2 4c 21 c2
0x00007ff80a140cba:   48 8b 72 20 40 f6 c6 04 74 72 a8 01 0f 84 8c 00
0x00007ff80a140cca:   00 00 48 ba 00 00 00 00 00 00 80 00 48 be 00 00
0x00007ff80a140cda:   00 00 00 00 00 01 48 39 d0 72 50 48 89 c1 48 29
0x00007ff80a140cea:   f1 72 17 f0 48 0f b1 0f 74 3c a8 01 75 e8 31 f6
0x00007ff80a140cfa:   ba 01 00 00 00 e9 70 d7 01 00 48 85 d0 75 57 4c
0x00007ff80a140d0a:   23 07 41 0f b7 40 1e 0f ba e0 0c 48 8d 05 3c bd
0x00007ff80a140d1a:   f9 3f 48 8d 0d d5 bc f9 3f 48 0f 43 c8 48 8b 31
0x00007ff80a140d2a:   ff 25 e0 a5 f9 3f 48 39 d1 72 d4 c3 66 83 7a 1e
0x00007ff80a140d3a:   00 79 0e 83 e6 02 48 85 f6 74 06 f6 42 28 02 75
0x00007ff80a140d4a:   1f 48 8b 35 06 be f9 3f ff 25 b8 a5 f9 3f f6 42
0x00007ff80a140d5a:   1e 01 74 9a eb d5 be 01 00 00 00 e9 ac 91 00 00
0x00007ff80a140d6a:   48 8b 05 df 42 a6 43 ff e0 90 90 90 90 90 e9 04
0x00007ff80a140d7a:   00 00 00 90 90 90 90 55 48 89 e5 53 50 48 89 fb
0x00007ff80a140d8a:   f6 c3 01 75 21 48 b8 07 00 00 00 00 00 a0 00 48
0x00007ff80a140d9a:   23 03 48 83 f8 01 75 15 48 89 df 48 83 c4 08 5b
0x00007ff80a140daa:   5d e9 26 fd 01 00 48 83 c4 08 5b 5d c3 48 89 df 


Stack slot to memory mapping:
stack at sp + 0 slots: 0x00007ff80a14461c: _ZN19AutoreleasePoolPage12releaseUntilEPP11objc_object+0xa8 in /usr/lib/libobjc.A.dylib at 0x00007ff80a137000
stack at sp + 1 slots: 0x598f866b02ae0085 is an unknown value
stack at sp + 2 slots: 0x00007ff60f304000 points into unknown readable memory: 0x4f545541a1a1a1a1 | a1 a1 a1 a1 41 55 54 4f
stack at sp + 3 slots: 0x0000600003072460 points into unknown readable memory: 0x011dfff84dbc0509 | 09 05 bc 4d f8 ff 1d 01
stack at sp + 4 slots: 0x00000001298b2468 is pointing into metadata
stack at sp + 5 slots: 0x00007ff60f3040d0 points into unknown readable memory: 0x0000000000000000 | 00 00 00 00 00 00 00 00
stack at sp + 6 slots: 0x0000600003072460 points into unknown readable memory: 0x011dfff84dbc0509 | 09 05 bc 4d f8 ff 1d 01
stack at sp + 7 slots: 0x000070000a43c520 is pointing into the stack for thread: 0x00007ff60f3d5800


---------------  P R O C E S S  ---------------

Threads class SMR info:
_java_thread_list=0x0000600003e95360, length=19, elements={
0x00007ff60e038800, 0x00007ff60e03d800, 0x00007ff60f816800, 0x00007ff60f076800,
0x00007ff60f077800, 0x00007ff60f07a800, 0x00007ff60f07b000, 0x00007ff60f820800,
0x00007ff60f9e3000, 0x00007ff60ea28000, 0x00007ff612848000, 0x00007ff60ea81800,
0x00007ff60e236000, 0x00007ff60e245000, 0x00007ff60f22c000, 0x00007ff60fb64800,
0x00007ff60f3d5800, 0x00007ff60fc5e800, 0x00007ff60d030000
}

Java Threads: ( => current thread )
  0x00007ff60e038800 JavaThread "Reference Handler" daemon [_thread_blocked, id=16899, stack(0x0000700008cef000,0x0000700008def000)]
  0x00007ff60e03d800 JavaThread "Finalizer" daemon [_thread_blocked, id=20483, stack(0x0000700008df2000,0x0000700008ef2000)]
  0x00007ff60f816800 JavaThread "Signal Dispatcher" daemon [_thread_blocked, id=22019, stack(0x0000700008ffb000,0x00007000090fb000)]
  0x00007ff60f076800 JavaThread "Service Thread" daemon [_thread_blocked, id=32003, stack(0x00007000090fe000,0x00007000091fe000)]
  0x00007ff60f077800 JavaThread "C2 CompilerThread0" daemon [_thread_blocked, id=31491, stack(0x0000700009201000,0x0000700009301000)]
  0x00007ff60f07a800 JavaThread "C1 CompilerThread0" daemon [_thread_blocked, id=22787, stack(0x0000700009304000,0x0000700009404000)]
  0x00007ff60f07b000 JavaThread "Sweeper thread" daemon [_thread_blocked, id=23299, stack(0x0000700009407000,0x0000700009507000)]
  0x00007ff60f820800 JavaThread "Common-Cleaner" daemon [_thread_blocked, id=30723, stack(0x000070000950a000,0x000070000960a000)]
  0x00007ff60f9e3000 JavaThread "AppKit Thread" daemon [_thread_in_native, id=259, stack(0x00007ff7bd9e2000,0x00007ff7be1e2000)]
  0x00007ff60ea28000 JavaThread "AWT-Shutdown" [_thread_blocked, id=39171, stack(0x0000700009813000,0x0000700009913000)]
  0x00007ff612848000 JavaThread "AWT-EventQueue-0" [_thread_blocked, id=49935, stack(0x000070000960d000,0x000070000970d000)]
  0x00007ff60ea81800 JavaThread "Java2D Queue Flusher" daemon [_thread_blocked, id=86275, stack(0x0000700009c28000,0x0000700009d28000)]
  0x00007ff60e236000 JavaThread "Java2D Disposer" daemon [_thread_blocked, id=83211, stack(0x0000700009d2b000,0x0000700009e2b000)]
  0x00007ff60e245000 JavaThread "Timer-0" daemon [_thread_blocked, id=81931, stack(0x0000700009f31000,0x000070000a031000)]
  0x00007ff60f22c000 JavaThread "Image Fetcher 0" daemon [_thread_blocked, id=81163, stack(0x000070000a034000,0x000070000a134000)]
  0x00007ff60fb64800 JavaThread "TimerQueue" daemon [_thread_blocked, id=130055, stack(0x0000700009e2e000,0x0000700009f2e000)]
=>0x00007ff60f3d5800 JavaThread "jME3 Main" [_thread_in_native, id=76303, stack(0x000070000a33d000,0x000070000a43d000)]
  0x00007ff60fc5e800 JavaThread "DestroyJavaVM" [_thread_blocked, id=8707, stack(0x00007000085da000,0x00007000086da000)]
  0x00007ff60d030000 JavaThread "C2 CompilerThread1" daemon [_thread_blocked, id=82731, stack(0x000070000a440000,0x000070000a540000)]

Other Threads:
  0x00007ff60f80d800 VMThread "VM Thread" [stack: 0x0000700008bec000,0x0000700008cec000] [id=21251]
  0x00007ff60f81a000 WatcherThread [stack: 0x0000700009710000,0x0000700009810000] [id=29699]
  0x00007ff60e814000 GCTaskThread "GC Thread#0" [stack: 0x00007000086dd000,0x00007000087dd000] [id=11523]
  0x00007ff612853800 GCTaskThread "GC Thread#1" [stack: 0x000070000a137000,0x000070000a237000] [id=88843]
  0x00007ff612854000 GCTaskThread "GC Thread#2" [stack: 0x000070000a23a000,0x000070000a33a000] [id=89603]
  0x00007ff60f02d800 ConcurrentGCThread "G1 Main Marker" [stack: 0x00007000087e0000,0x00007000088e0000] [id=14595]
  0x00007ff60e814800 ConcurrentGCThread "G1 Conc#0" [stack: 0x00007000088e3000,0x00007000089e3000] [id=13827]
  0x00007ff60e02c000 ConcurrentGCThread "G1 Refine#0" [stack: 0x00007000089e6000,0x0000700008ae6000] [id=12035]
  0x00007ff60e02c800 ConcurrentGCThread "G1 Young RemSet Sampling" [stack: 0x0000700008ae9000,0x0000700008be9000] [id=13315]

Threads with active compile tasks:

VM state:not at safepoint (normal execution)

VM Mutex/Monitor currently owned by a thread: None

Heap address: 0x0000000780000000, size: 2048 MB, Compressed Oops mode: Zero based, Oop shift amount: 3
Narrow klass base: 0x0000000800000000, Narrow klass shift: 0
Compressed class space size: 1073741824 Address: 0x0000000800000000

Heap:
 garbage-first heap   total 27648K, used 11076K [0x0000000780000000, 0x0000000800000000)
  region size 1024K, 5 young (5120K), 0 survivors (0K)
 Metaspace       used 20920K, capacity 21452K, committed 21760K, reserved 1069056K
  class space    used 2251K, capacity 2444K, committed 2560K, reserved 1048576K
Heap Regions: E=young(eden), S=young(survivor), O=old, HS=humongous(starts), HC=humongous(continues), CS=collection set, F=free, A=archive, TAMS=top-at-mark-start (previous, next)
|   0|0x0000000780000000, 0x0000000780100000, 0x0000000780100000|100%|HS|  |TAMS 0x0000000780000000, 0x0000000780000000| Untracked 
|   1|0x0000000780100000, 0x0000000780200000, 0x0000000780200000|100%|HC|  |TAMS 0x0000000780100000, 0x0000000780100000| Untracked 
|   2|0x0000000780200000, 0x00000007802ffff8, 0x0000000780300000| 99%| O|  |TAMS 0x0000000780200000, 0x0000000780200000| Untracked 
|   3|0x0000000780300000, 0x00000007803ffff0, 0x0000000780400000| 99%| O|  |TAMS 0x0000000780300000, 0x0000000780300000| Untracked 
|   4|0x0000000780400000, 0x00000007804fffe8, 0x0000000780500000| 99%| O|  |TAMS 0x0000000780400000, 0x0000000780400000| Untracked 
|   5|0x0000000780500000, 0x0000000780600000, 0x0000000780600000|100%| O|  |TAMS 0x0000000780500000, 0x0000000780500000| Untracked 
|   6|0x0000000780600000, 0x0000000780611920, 0x0000000780700000|  6%| O|  |TAMS 0x0000000780600000, 0x0000000780600000| Untracked 
|   7|0x0000000780700000, 0x0000000780700000, 0x0000000780800000|  0%| F|  |TAMS 0x0000000780700000, 0x0000000780700000| Untracked 
|   8|0x0000000780800000, 0x0000000780800000, 0x0000000780900000|  0%| F|  |TAMS 0x0000000780800000, 0x0000000780800000| Untracked 
|   9|0x0000000780900000, 0x0000000780900000, 0x0000000780a00000|  0%| F|  |TAMS 0x0000000780900000, 0x0000000780900000| Untracked 
|  10|0x0000000780a00000, 0x0000000780a00000, 0x0000000780b00000|  0%| F|  |TAMS 0x0000000780a00000, 0x0000000780a00000| Untracked 
|  11|0x0000000780b00000, 0x0000000780b00000, 0x0000000780c00000|  0%| F|  |TAMS 0x0000000780b00000, 0x0000000780b00000| Untracked 
|  12|0x0000000780c00000, 0x0000000780c00000, 0x0000000780d00000|  0%| F|  |TAMS 0x0000000780c00000, 0x0000000780c00000| Untracked 
|  13|0x0000000780d00000, 0x0000000780d00000, 0x0000000780e00000|  0%| F|  |TAMS 0x0000000780d00000, 0x0000000780d00000| Untracked 
|  14|0x0000000780e00000, 0x0000000780e00000, 0x0000000780f00000|  0%| F|  |TAMS 0x0000000780e00000, 0x0000000780e00000| Untracked 
|  15|0x0000000780f00000, 0x0000000780f00000, 0x0000000781000000|  0%| F|  |TAMS 0x0000000780f00000, 0x0000000780f00000| Untracked 
|  16|0x0000000781000000, 0x0000000781000000, 0x0000000781100000|  0%| F|  |TAMS 0x0000000781000000, 0x0000000781000000| Untracked 
|  17|0x0000000781100000, 0x0000000781100000, 0x0000000781200000|  0%| F|  |TAMS 0x0000000781100000, 0x0000000781100000| Untracked 
|  18|0x0000000781200000, 0x0000000781200000, 0x0000000781300000|  0%| F|  |TAMS 0x0000000781200000, 0x0000000781200000| Untracked 
|  19|0x0000000781300000, 0x0000000781300000, 0x0000000781400000|  0%| F|  |TAMS 0x0000000781300000, 0x0000000781300000| Untracked 
|  20|0x0000000781400000, 0x0000000781400000, 0x0000000781500000|  0%| F|  |TAMS 0x0000000781400000, 0x0000000781400000| Untracked 
|  21|0x0000000781500000, 0x000000078154ab68, 0x0000000781600000| 29%| E|  |TAMS 0x0000000781500000, 0x0000000781500000| Complete 
|  22|0x0000000781600000, 0x0000000781700000, 0x0000000781700000|100%| E|CS|TAMS 0x0000000781600000, 0x0000000781600000| Complete 
|  28|0x0000000781c00000, 0x0000000781d00000, 0x0000000781d00000|100%| E|CS|TAMS 0x0000000781c00000, 0x0000000781c00000| Complete 
|  33|0x0000000782100000, 0x0000000782200000, 0x0000000782200000|100%| E|CS|TAMS 0x0000000782100000, 0x0000000782100000| Complete 
|  42|0x0000000782a00000, 0x0000000782abf710, 0x0000000782b00000| 74%| O|  |TAMS 0x0000000782a00000, 0x0000000782a00000| Untracked 
|  66|0x0000000784200000, 0x0000000784300000, 0x0000000784300000|100%| E|CS|TAMS 0x0000000784200000, 0x0000000784200000| Complete 

Card table byte_map: [0x0000000102441000,0x0000000102841000] _byte_map_base: 0x00000000fe841000

Marking Bits (Prev, Next): (CMBitMap*) 0x00007ff60f024a18, (CMBitMap*) 0x00007ff60f024a50
 Prev Bits: [0x000000011b4d1000, 0x000000011d4d1000)
 Next Bits: [0x000000011d4d1000, 0x000000011f4d1000)

Polling page: 0x0000000101df1000

Metaspace:

Usage:
  Non-class:     18.56 MB capacity,    18.23 MB ( 98%) used,   285.49 KB (  2%) free+waste,    52.88 KB ( <1%) overhead. 
      Class:      2.39 MB capacity,     2.20 MB ( 92%) used,   165.25 KB (  7%) free+waste,    27.50 KB (  1%) overhead. 
       Both:     20.95 MB capacity,    20.43 MB ( 98%) used,   450.74 KB (  2%) free+waste,    80.38 KB ( <1%) overhead. 

Virtual space:
  Non-class space:       20.00 MB reserved,      18.75 MB ( 94%) committed 
      Class space:        1.00 GB reserved,       2.50 MB ( <1%) committed 
             Both:        1.02 GB reserved,      21.25 MB (  2%) committed 

Chunk freelists:
   Non-Class:  88.00 KB
       Class:  20.00 KB
        Both:  108.00 KB

MaxMetaspaceSize: unlimited
CompressedClassSpaceSize: 1.00 GB
Initial GC threshold: 20.80 MB
Current GC threshold: 31.67 MB
CDS: off

CodeHeap 'non-profiled nmethods': size=120032Kb used=570Kb max_used=570Kb free=119461Kb
 bounds [0x0000000113b99000, 0x0000000113e09000, 0x000000011b0d1000]
CodeHeap 'profiled nmethods': size=120028Kb used=2770Kb max_used=2770Kb free=117257Kb
 bounds [0x000000010c662000, 0x000000010c922000, 0x0000000113b99000]
CodeHeap 'non-nmethods': size=5700Kb used=1356Kb max_used=1372Kb free=4343Kb
 bounds [0x000000010c0d1000, 0x000000010c341000, 0x000000010c662000]
 total_blobs=2273 nmethods=1596 adapters=590
 compilation: enabled
              stopped_count=0, restarted_count=0
 full_count=0

Compilation events (20 events):
Event: 3.070 Thread 0x00007ff60f07a800 nmethod 1589 0x000000010c90d610 code [0x000000010c90d800, 0x000000010c90db30]
Event: 3.072 Thread 0x00007ff60f07a800 1591       3       java.lang.Short::valueOf (37 bytes)
Event: 3.072 Thread 0x00007ff60f07a800 nmethod 1591 0x000000010c90dc90 code [0x000000010c90de60, 0x000000010c90e170]
Event: 3.072 Thread 0x00007ff60f07a800 1592       3       java.lang.Short::hashCode (8 bytes)
Event: 3.072 Thread 0x00007ff60f07a800 nmethod 1592 0x000000010c90e310 code [0x000000010c90e4c0, 0x000000010c90e610]
Event: 3.072 Thread 0x00007ff60f07a800 1593       3       java.nio.Buffer::remaining (20 bytes)
Event: 3.072 Thread 0x00007ff60f07a800 nmethod 1593 0x000000010c90e710 code [0x000000010c90e8c0, 0x000000010c90ea10]
Event: 3.073 Thread 0x00007ff60f07a800 1595   !   3       java.net.URL::<init> (543 bytes)
Event: 3.075 Thread 0x00007ff60f077800 nmethod 1567 0x0000000113c23690 code [0x0000000113c238e0, 0x0000000113c24b30]
Event: 3.075 Thread 0x00007ff60f077800 1580       4       java.util.Arrays::copyOf (19 bytes)
Event: 3.077 Thread 0x00007ff60f077800 nmethod 1580 0x0000000113c25610 code [0x0000000113c257a0, 0x0000000113c259b8]
Event: 3.077 Thread 0x00007ff60f077800 1577       4       java.lang.StringBuilder::<init> (7 bytes)
Event: 3.079 Thread 0x00007ff60f07a800 nmethod 1595 0x000000010c90ea90 code [0x000000010c90f180, 0x000000010c912f00]
Event: 3.079 Thread 0x00007ff60f07a800 1594       3       java.net.URL::<init> (8 bytes)
Event: 3.080 Thread 0x00007ff60f07a800 nmethod 1594 0x000000010c915190 code [0x000000010c915340, 0x000000010c915460]
Event: 3.080 Thread 0x00007ff60f07a800 1596       3       java.net.URLStreamHandler::setURL (73 bytes)
Event: 3.080 Thread 0x00007ff60f077800 nmethod 1577 0x0000000113c25a90 code [0x0000000113c25c20, 0x0000000113c25dd8]
Event: 3.080 Thread 0x00007ff60f077800 1581       4       java.nio.DirectIntBufferU::ix (10 bytes)
Event: 3.080 Thread 0x00007ff60f077800 nmethod 1581 0x0000000113c25e90 code [0x0000000113c26020, 0x0000000113c26098]
Event: 3.081 Thread 0x00007ff60f07a800 nmethod 1596 0x000000010c915510 code [0x000000010c9157e0, 0x000000010c9164f0]

GC Heap History (4 events):
Event: 2.944 GC heap before
{Heap before GC invocations=0 (full 0):
 garbage-first heap   total 131072K, used 18432K [0x0000000780000000, 0x0000000800000000)
  region size 1024K, 18 young (18432K), 0 survivors (0K)
 Metaspace       used 18731K, capacity 19188K, committed 19456K, reserved 1067008K
  class space    used 2053K, capacity 2267K, committed 2304K, reserved 1048576K
}
Event: 2.958 GC heap after
{Heap after GC invocations=1 (full 1):
 garbage-first heap   total 27648K, used 6980K [0x0000000780000000, 0x0000000800000000)
  region size 1024K, 0 young (0K), 0 survivors (0K)
 Metaspace       used 18729K, capacity 19186K, committed 19456K, reserved 1067008K
  class space    used 2053K, capacity 2266K, committed 2304K, reserved 1048576K
}
Event: 2.958 GC heap before
{Heap before GC invocations=1 (full 1):
 garbage-first heap   total 27648K, used 6980K [0x0000000780000000, 0x0000000800000000)
  region size 1024K, 0 young (0K), 0 survivors (0K)
 Metaspace       used 18729K, capacity 19186K, committed 19456K, reserved 1067008K
  class space    used 2053K, capacity 2266K, committed 2304K, reserved 1048576K
}
Event: 2.969 GC heap after
{Heap after GC invocations=2 (full 2):
 garbage-first heap   total 27648K, used 6980K [0x0000000780000000, 0x0000000800000000)
  region size 1024K, 0 young (0K), 0 survivors (0K)
 Metaspace       used 18729K, capacity 19186K, committed 19456K, reserved 1067008K
  class space    used 2053K, capacity 2266K, committed 2304K, reserved 1048576K
}

Deoptimization events (20 events):
Event: 3.012 Thread 0x00007ff60f3d5800 Uncommon trap: trap_request=0xffffff4d fr.pc=0x0000000113c04a1c relative=0x000000000000055c
Event: 3.012 Thread 0x00007ff60f3d5800 Uncommon trap: reason=unstable_if action=reinterpret pc=0x0000000113c04a1c method=java.lang.AbstractStringBuilder.append(Ljava/lang/String;)Ljava/lang/AbstractStringBuilder; @ 1 c2
Event: 3.012 Thread 0x00007ff60f3d5800 DEOPT PACKING pc=0x0000000113c04a1c sp=0x000070000a43a350
Event: 3.012 Thread 0x00007ff60f3d5800 DEOPT UNPACKING pc=0x000000010c11aea5 sp=0x000070000a43a2e0 mode 2
Event: 3.012 Thread 0x00007ff60f3d5800 Uncommon trap: trap_request=0xffffff4d fr.pc=0x0000000113be2078 relative=0x0000000000000538
Event: 3.012 Thread 0x00007ff60f3d5800 Uncommon trap: reason=unstable_if action=reinterpret pc=0x0000000113be2078 method=java.lang.AbstractStringBuilder.append(Ljava/lang/String;)Ljava/lang/AbstractStringBuilder; @ 1 c2
Event: 3.012 Thread 0x00007ff60f3d5800 DEOPT PACKING pc=0x0000000113be2078 sp=0x000070000a43a2f0
Event: 3.012 Thread 0x00007ff60f3d5800 DEOPT UNPACKING pc=0x000000010c11aea5 sp=0x000070000a43a2d8 mode 2
Event: 3.030 Thread 0x00007ff60f3d5800 Uncommon trap: trap_request=0xffffff4d fr.pc=0x0000000113bf78b8 relative=0x0000000000000378
Event: 3.030 Thread 0x00007ff60f3d5800 Uncommon trap: reason=unstable_if action=reinterpret pc=0x0000000113bf78b8 method=java.lang.StringLatin1.canEncode(I)Z @ 4 c2
Event: 3.030 Thread 0x00007ff60f3d5800 DEOPT PACKING pc=0x0000000113bf78b8 sp=0x000070000a43c430
Event: 3.030 Thread 0x00007ff60f3d5800 DEOPT UNPACKING pc=0x000000010c11aea5 sp=0x000070000a43c3b0 mode 2
Event: 3.034 Thread 0x00007ff60f3d5800 DEOPT PACKING pc=0x000000010c6db13a sp=0x000070000a43c3a0
Event: 3.034 Thread 0x00007ff60f3d5800 DEOPT UNPACKING pc=0x000000010c11b64a sp=0x000070000a43b828 mode 0
Event: 3.034 Thread 0x00007ff60f3d5800 Uncommon trap: trap_request=0xffffff4d fr.pc=0x0000000113bbb5d4 relative=0x0000000000000034
Event: 3.034 Thread 0x00007ff60f3d5800 Uncommon trap: reason=unstable_if action=reinterpret pc=0x0000000113bbb5d4 method=java.lang.StringLatin1.canEncode(I)Z @ 4 c2
Event: 3.034 Thread 0x00007ff60f3d5800 DEOPT PACKING pc=0x0000000113bbb5d4 sp=0x000070000a43c3f0
Event: 3.034 Thread 0x00007ff60f3d5800 DEOPT UNPACKING pc=0x000000010c11aea5 sp=0x000070000a43c3a0 mode 2
Event: 3.043 Thread 0x00007ff60f3d5800 DEOPT PACKING pc=0x000000010c6a7dcf sp=0x000070000a43abd0
Event: 3.043 Thread 0x00007ff60f3d5800 DEOPT UNPACKING pc=0x000000010c11b64a sp=0x000070000a43a078 mode 0

Classes redefined (0 events):
No events

Internal exceptions (20 events):
Event: 0.721 Thread 0x00007ff612848000 Exception <a 'java/lang/NoSuchMethodError'{0x00000007874847f8}: 'java.lang.Object java.lang.invoke.DirectMethodHandle$Holder.invokeStatic(java.lang.Object, java.lang.Object, java.lang.Object, java.lang.Object, java.lang.Object, java.lang.Object, java.lang.Object, java.lang.Object, java.lang.Object, java.lang.Object, java.lang.Object, int, int, java.lang.Object, java.lang.Object)'> (0x00000007874847f8) thrown at [./src/hotspot/share/interpreter/linkResolver.cpp, line 773]
Event: 0.795 Thread 0x00007ff612848000 Implicit null exception at 0x0000000113ba5f2f to 0x0000000113ba5fa9
Event: 0.850 Thread 0x00007ff612848000 Exception <a 'java/lang/NoSuchMethodError'{0x000000078711a060}: 'java.lang.Object java.lang.invoke.DirectMethodHandle$Holder.invokeStatic(java.lang.Object, java.lang.Object, java.lang.Object, int, java.lang.Object)'> (0x000000078711a060) thrown at [./src/hotspot/share/interpreter/linkResolver.cpp, line 773]
Event: 0.850 Thread 0x00007ff612848000 Exception <a 'java/lang/NoSuchMethodError'{0x0000000787120e98}: 'java.lang.Object java.lang.invoke.Invokers$Holder.linkToTargetMethod(java.lang.Object, java.lang.Object, int, java.lang.Object, java.lang.Object)'> (0x0000000787120e98) thrown at [./src/hotspot/share/interpreter/linkResolver.cpp, line 773]
Event: 0.871 Thread 0x00007ff612848000 Exception <a 'java/lang/NoSuchMethodError'{0x0000000787124c80}: 'void java.lang.invoke.DirectMethodHandle$Holder.invokeStatic(java.lang.Object, int, long)'> (0x0000000787124c80) thrown at [./src/hotspot/share/interpreter/linkResolver.cpp, line 773]
Event: 0.873 Thread 0x00007ff612848000 Exception <a 'java/lang/NoSuchMethodError'{0x000000078712c7d0}: 'void java.lang.invoke.DirectMethodHandle$Holder.invokeSpecial(java.lang.Object, java.lang.Object)'> (0x000000078712c7d0) thrown at [./src/hotspot/share/interpreter/linkResolver.cpp, line 773]
Event: 0.874 Thread 0x00007ff612848000 Exception <a 'java/lang/NoSuchMethodError'{0x0000000787137f10}: 'java.lang.Object java.lang.invoke.DirectMethodHandle$Holder.invokeStatic(java.lang.Object, int, int, int, int)'> (0x0000000787137f10) thrown at [./src/hotspot/share/interpreter/linkResolver.cpp, line 773]
Event: 0.875 Thread 0x00007ff612848000 Exception <a 'java/lang/NoSuchMethodError'{0x000000078713b5b0}: 'java.lang.Object java.lang.invoke.DirectMethodHandle$Holder.invokeSpecial(java.lang.Object, java.lang.Object, int, int, int, int)'> (0x000000078713b5b0) thrown at [./src/hotspot/share/interpreter/linkResolver.cpp, line 773]
Event: 0.875 Thread 0x00007ff612848000 Exception <a 'java/lang/NoSuchMethodError'{0x000000078713e6f0}: 'java.lang.Object java.lang.invoke.Invokers$Holder.linkToTargetMethod(int, int, int, int, java.lang.Object)'> (0x000000078713e6f0) thrown at [./src/hotspot/share/interpreter/linkResolver.cpp, line 773]
Event: 0.878 Thread 0x00007ff612848000 Exception <a 'java/lang/NoSuchMethodError'{0x0000000787144100}: 'void java.lang.invoke.DirectMethodHandle$Holder.invokeStatic(java.lang.Object, java.lang.Object, long)'> (0x0000000787144100) thrown at [./src/hotspot/share/interpreter/linkResolver.cpp, line 773]
Event: 0.878 Thread 0x00007ff60f9e3000 Exception <a 'java/lang/NoSuchMethodError'{0x0000000787626c28}: 'void java.lang.invoke.DirectMethodHandle$Holder.invokeStatic(java.lang.Object, java.lang.Object, long)'> (0x0000000787626c28) thrown at [./src/hotspot/share/interpreter/linkResolver.cpp, line 773]
Event: 0.886 Thread 0x00007ff60f9e3000 Exception <a 'java/lang/NoSuchMethodError'{0x0000000787644658}: 'void java.lang.invoke.DirectMethodHandle$Holder.invokeSpecial(java.lang.Object, java.lang.Object, long)'> (0x0000000787644658) thrown at [./src/hotspot/share/interpreter/linkResolver.cpp, line 773]
Event: 1.338 Thread 0x00007ff60f9e3000 Exception <a 'java/lang/NoSuchMethodError'{0x0000000787650d58}: 'void java.lang.invoke.DirectMethodHandle$Holder.invokeStatic(java.lang.Object, long)'> (0x0000000787650d58) thrown at [./src/hotspot/share/interpreter/linkResolver.cpp, line 773]
Event: 1.341 Thread 0x00007ff612848000 Exception <a 'java/lang/NoSuchMethodError'{0x000000078701b570}: 'void java.lang.invoke.DirectMethodHandle$Holder.invokeStatic(java.lang.Object, long, long)'> (0x000000078701b570) thrown at [./src/hotspot/share/interpreter/linkResolver.cpp, line 773]
Event: 1.341 Thread 0x00007ff612848000 Exception <a 'java/lang/NoSuchMethodError'{0x0000000787020a08}: 'java.lang.Object java.lang.invoke.DirectMethodHandle$Holder.invokeStatic(java.lang.Object, long)'> (0x0000000787020a08) thrown at [./src/hotspot/share/interpreter/linkResolver.cpp, line 773]
Event: 1.343 Thread 0x00007ff612848000 Exception <a 'java/lang/NoSuchMethodError'{0x000000078702f978}: 'java.lang.Object java.lang.invoke.Invokers$Holder.linkToTargetMethod(java.lang.Object, int, java.lang.Object)'> (0x000000078702f978) thrown at [./src/hotspot/share/interpreter/linkResolver.cpp, line 773]
Event: 1.383 Thread 0x00007ff612848000 Exception <a 'java/lang/NoSuchMethodError'{0x000000078705b760}: 'java.lang.Object java.lang.invoke.DirectMethodHandle$Holder.invokeStatic(java.lang.Object, int, int, java.lang.Object, java.lang.Object, java.lang.Object)'> (0x000000078705b760) thrown at [./src/hotspot/share/interpreter/linkResolver.cpp, line 773]
Event: 2.985 Thread 0x00007ff60e00f800 Exception <a 'java/lang/ClassNotFoundException'{0x0000000782148928}: sun/util/logging/resources/spi/loggingProvider> (0x0000000782148928) thrown at [./src/hotspot/share/classfile/systemDictionary.cpp, line 230]
Event: 3.012 Thread 0x00007ff60f3d5800 Implicit null exception at 0x0000000113c044f4 to 0x0000000113c04a04
Event: 3.012 Thread 0x00007ff60f3d5800 Implicit null exception at 0x0000000113be1b74 to 0x0000000113be2060

Events (20 events):
Event: 3.069 Thread 0x00007ff60d030000 Thread added: 0x00007ff60d030000
Event: 3.069 Protecting memory [0x000070000a440000,0x000070000a444000] with protection modes 0
Event: 3.069 loading class org/lwjgl/input/Keyboard$KeyEvent
Event: 3.069 loading class org/lwjgl/input/Keyboard$KeyEvent done
Event: 3.070 loading class org/lwjgl/opengl/MacOSXNativeKeyboard
Event: 3.070 loading class org/lwjgl/opengl/MacOSXNativeKeyboard done
Event: 3.071 Executing VM operation: RevokeBias
Event: 3.071 Executing VM operation: RevokeBias done
Event: 3.072 loading class org/lwjgl/opengl/ContextGL
Event: 3.072 loading class org/lwjgl/opengl/ContextGL done
Event: 3.073 loading class org/lwjgl/opengl/ContextImplementation
Event: 3.073 loading class org/lwjgl/opengl/ContextImplementation done
Event: 3.073 loading class org/lwjgl/opengl/MacOSXContextImplementation
Event: 3.073 loading class org/lwjgl/opengl/MacOSXContextImplementation done
Event: 3.073 loading class org/lwjgl/opengl/GLContext
Event: 3.073 loading class org/lwjgl/opengl/GLContext done
Event: 3.074 loading class java/lang/NumberFormatException
Event: 3.074 loading class java/lang/NumberFormatException done
Event: 3.074 loading class org/lwjgl/opengl/GLContext$CapabilitiesCacheEntry
Event: 3.074 loading class org/lwjgl/opengl/GLContext$CapabilitiesCacheEntry done


Dynamic libraries:
0x0000000101d7f000 	/Applications/jmonkeyplatform.app/Contents/Resources/jmonkeyplatform/jdk/lib/jli/libjli.dylib
0x00007ff823759000 	/System/Library/Frameworks/Cocoa.framework/Versions/A/Cocoa
0x00007ff80d601000 	/System/Library/Frameworks/AppKit.framework/Versions/C/AppKit
0x00007ff81020d000 	/System/Library/Frameworks/CoreData.framework/Versions/A/CoreData
0x00007ff80b3d9000 	/System/Library/Frameworks/Foundation.framework/Versions/C/Foundation
0x00007ff816322000 	/usr/lib/libSystem.B.dylib
0x00007ff80e609000 	/System/Library/PrivateFrameworks/UIFoundation.framework/Versions/A/UIFoundation
0x00007ffb10bb5000 	/System/Library/PrivateFrameworks/CollectionViewCore.framework/Versions/A/CollectionViewCore
0x00007ff81d693000 	/System/Library/PrivateFrameworks/RemoteViewServices.framework/Versions/A/RemoteViewServices
0x00007ff8142f3000 	/System/Library/PrivateFrameworks/XCTTargetBootstrap.framework/Versions/A/XCTTargetBootstrap
0x00007ff81917f000 	/System/Library/PrivateFrameworks/InternationalSupport.framework/Versions/A/InternationalSupport
0x00007ff819208000 	/System/Library/PrivateFrameworks/UserActivity.framework/Versions/A/UserActivity
0x00007ffb27960000 	/System/Library/PrivateFrameworks/WindowManagement.framework/Versions/A/WindowManagement
0x00007ff80b0c8000 	/System/Library/Frameworks/SystemConfiguration.framework/Versions/A/SystemConfiguration
0x00007ff818557000 	/usr/lib/libspindump.dylib
0x00007ff80e7d7000 	/System/Library/Frameworks/UniformTypeIdentifiers.framework/Versions/A/UniformTypeIdentifiers
0x00007ff8124b8000 	/usr/lib/libapp_launch_measurement.dylib
0x00007ff811699000 	/System/Library/PrivateFrameworks/CoreAnalytics.framework/Versions/A/CoreAnalytics
0x00007ff8124bb000 	/System/Library/PrivateFrameworks/CoreAutoLayout.framework/Versions/A/CoreAutoLayout
0x00007ff813b60000 	/System/Library/Frameworks/Metal.framework/Versions/A/Metal
0x00007ff814a78000 	/usr/lib/liblangid.dylib
0x00007ff8142f8000 	/System/Library/PrivateFrameworks/CoreSVG.framework/Versions/A/CoreSVG
0x00007ff80f13b000 	/System/Library/PrivateFrameworks/SkyLight.framework/Versions/A/SkyLight
0x00007ff80f52c000 	/System/Library/Frameworks/CoreGraphics.framework/Versions/A/CoreGraphics
0x00007ff81dd78000 	/System/Library/Frameworks/Accelerate.framework/Versions/A/Accelerate
0x00007ff817fc8000 	/System/Library/PrivateFrameworks/IconServices.framework/Versions/A/IconServices
0x00007ff813b41000 	/System/Library/Frameworks/IOSurface.framework/Versions/A/IOSurface
0x00007ff8116c4000 	/usr/lib/libDiagnosticMessagesClient.dylib
0x00007ff81623a000 	/usr/lib/libz.1.dylib
0x00007ff82142b000 	/System/Library/Frameworks/ApplicationServices.framework/Versions/A/ApplicationServices
0x00007ff8142df000 	/System/Library/PrivateFrameworks/DFRFoundation.framework/Versions/A/DFRFoundation
0x00007ff80cecd000 	/usr/lib/libicucore.A.dylib
0x00007ff81a019000 	/System/Library/Frameworks/AudioToolbox.framework/Versions/A/AudioToolbox
0x00007ff81918a000 	/System/Library/PrivateFrameworks/DataDetectorsCore.framework/Versions/A/DataDetectorsCore
0x00007ff911eb5000 	/System/Library/PrivateFrameworks/TextInput.framework/Versions/A/TextInput
0x00007ff80f0a4000 	/usr/lib/libMobileGestalt.dylib
0x00007ff813fe7000 	/System/Library/Frameworks/Carbon.framework/Versions/A/Frameworks/HIToolbox.framework/Versions/A/HIToolbox
0x00007ff811e45000 	/System/Library/Frameworks/QuartzCore.framework/Versions/A/QuartzCore
0x00007ff80cb40000 	/System/Library/Frameworks/Security.framework/Versions/A/Security
0x00007ff81d6cb000 	/System/Library/Frameworks/Carbon.framework/Versions/A/Frameworks/SpeechRecognition.framework/Versions/A/SpeechRecognition
0x00007ff8121f7000 	/System/Library/PrivateFrameworks/CoreUI.framework/Versions/A/CoreUI
0x00007ff80c48e000 	/System/Library/Frameworks/CoreAudio.framework/Versions/A/CoreAudio
0x00007ff81179d000 	/System/Library/Frameworks/DiskArbitration.framework/Versions/A/DiskArbitration
0x00007ff818979000 	/System/Library/PrivateFrameworks/MultitouchSupport.framework/Versions/A/MultitouchSupport
0x00007ff80f0a3000 	/usr/lib/libenergytrace.dylib
0x00007ff80d4e2000 	/System/Library/Frameworks/IOKit.framework/Versions/A/IOKit
0x00007ff81dac8000 	/System/Library/Frameworks/CoreServices.framework/Versions/A/CoreServices
0x00007ff812450000 	/System/Library/PrivateFrameworks/PerformanceAnalysis.framework/Versions/A/PerformanceAnalysis
0x00007ffa23597000 	/System/Library/Frameworks/OpenGL.framework/Versions/A/OpenGL
0x00007ff812503000 	/usr/lib/libxml2.2.dylib
0x00007ff8156d4000 	/System/Library/PrivateFrameworks/MobileKeyBag.framework/Versions/A/MobileKeyBag
0x00007ff80a137000 	/usr/lib/libobjc.A.dylib
0x00007ff80a402000 	/usr/lib/libc++.1.dylib
0x00007ff80fc43000 	/System/Library/Frameworks/ColorSync.framework/Versions/A/ColorSync
0x00007ff80a532000 	/System/Library/Frameworks/CoreFoundation.framework/Versions/A/CoreFoundation
0x00007ff814644000 	/System/Library/Frameworks/CoreImage.framework/Versions/A/CoreImage
0x00007ff80c29c000 	/System/Library/Frameworks/CoreText.framework/Versions/A/CoreText
0x00007ff81432f000 	/System/Library/Frameworks/ImageIO.framework/Versions/A/ImageIO
0x00007ff816328000 	/System/Library/PrivateFrameworks/SoftLinking.framework/Versions/A/SoftLinking
0x00007ff8165aa000 	/usr/lib/libcompression.dylib
0x00007ff8190b8000 	/System/Library/PrivateFrameworks/TextureIO.framework/Versions/A/TextureIO
0x00007ff817c88000 	/usr/lib/libate.dylib
0x00007ff81631c000 	/usr/lib/system/libcache.dylib
0x00007ff8162d3000 	/usr/lib/system/libcommonCrypto.dylib
0x00007ff816300000 	/usr/lib/system/libcompiler_rt.dylib
0x00007ff8162f2000 	/usr/lib/system/libcopyfile.dylib
0x00007ff80a26b000 	/usr/lib/system/libcorecrypto.dylib
0x00007ff80a32f000 	/usr/lib/system/libdispatch.dylib
0x00007ff80a4d9000 	/usr/lib/system/libdyld.dylib
0x00007ff816312000 	/usr/lib/system/libkeymgr.dylib
0x00007ff8162b2000 	/usr/lib/system/libmacho.dylib
0x00007ff8157c2000 	/usr/lib/system/libquarantine.dylib
0x00007ff816310000 	/usr/lib/system/libremovefile.dylib
0x00007ff80f109000 	/usr/lib/system/libsystem_asl.dylib
0x00007ff80a20c000 	/usr/lib/system/libsystem_blocks.dylib
0x00007ff80a37a000 	/usr/lib/system/libsystem_c.dylib
0x00007ff816308000 	/usr/lib/system/libsystem_collections.dylib
0x00007ff814a69000 	/usr/lib/system/libsystem_configuration.dylib
0x00007ff813b12000 	/usr/lib/system/libsystem_containermanager.dylib
0x00007ff815f6e000 	/usr/lib/system/libsystem_coreservices.dylib
0x00007ff80d15e000 	/usr/lib/system/libsystem_darwin.dylib
0x00007ff816313000 	/usr/lib/system/libsystem_dnssd.dylib
0x00007ff80a377000 	/usr/lib/system/libsystem_featureflags.dylib
0x00007ff80a507000 	/usr/lib/system/libsystem_info.dylib
0x00007ff81624d000 	/usr/lib/system/libsystem_m.dylib
0x00007ff80a302000 	/usr/lib/system/libsystem_malloc.dylib
0x00007ff80f08c000 	/usr/lib/system/libsystem_networkextension.dylib
0x00007ff80d59f000 	/usr/lib/system/libsystem_notify.dylib
0x00007ff814a6d000 	/usr/lib/system/libsystem_sandbox.dylib
0x00007ff81630d000 	/usr/lib/system/libsystem_secinit.dylib
0x00007ff80a493000 	/usr/lib/system/libsystem_kernel.dylib
0x00007ff80a4fd000 	/usr/lib/system/libsystem_platform.dylib
0x00007ff80a4cd000 	/usr/lib/system/libsystem_pthread.dylib
0x00007ff810a5c000 	/usr/lib/system/libsystem_symptoms.dylib
0x00007ff80a251000 	/usr/lib/system/libsystem_trace.dylib
0x00007ff8162df000 	/usr/lib/system/libunwind.dylib
0x00007ff80a210000 	/usr/lib/system/libxpc.dylib
0x00007ff80a47e000 	/usr/lib/libc++abi.dylib
0x00007ff8162ea000 	/usr/lib/liboah.dylib
0x00007ff817a36000 	/usr/lib/liblzma.5.dylib
0x00007ff816324000 	/usr/lib/libfakelink.dylib
0x00007ff80eceb000 	/System/Library/Frameworks/CFNetwork.framework/Versions/A/CFNetwork
0x00007ff816461000 	/usr/lib/libarchive.2.dylib
0x00007ff81b962000 	/System/Library/Frameworks/Combine.framework/Versions/A/Combine
0x00007ff819ab7000 	/usr/lib/swift/libswiftCore.dylib
0x00007ff90ee8c000 	/usr/lib/swift/libswiftCoreFoundation.dylib
0x00007ff90cf62000 	/usr/lib/swift/libswiftDarwin.dylib
0x00007ff81f312000 	/usr/lib/swift/libswiftDispatch.dylib
0x00007ff90eea8000 	/usr/lib/swift/libswiftIOKit.dylib
0x00007ff82186a000 	/usr/lib/swift/libswiftObjectiveC.dylib
0x00007ff90ee9d000 	/usr/lib/swift/libswiftXPC.dylib
0x00007ffc0f884000 	/usr/lib/swift/libswift_Concurrency.dylib
0x00007ffc0f9c1000 	/usr/lib/swift/libswift_StringProcessing.dylib
0x00007ff82186e000 	/usr/lib/swift/libswiftos.dylib
0x00007ff80d465000 	/System/Library/PrivateFrameworks/CoreServicesInternal.framework/Versions/A/CoreServicesInternal
0x00007ff8157e9000 	/usr/lib/libbsm.0.dylib
0x00007ff8162b7000 	/usr/lib/system/libkxld.dylib
0x00007ff812484000 	/System/Library/Frameworks/CoreServices.framework/Versions/A/Frameworks/FSEvents.framework/Versions/A/FSEvents
0x00007ff80d169000 	/System/Library/Frameworks/CoreServices.framework/Versions/A/Frameworks/CarbonCore.framework/Versions/A/CarbonCore
0x00007ff811707000 	/System/Library/Frameworks/CoreServices.framework/Versions/A/Frameworks/Metadata.framework/Versions/A/Metadata
0x00007ff815f74000 	/System/Library/Frameworks/CoreServices.framework/Versions/A/Frameworks/OSServices.framework/Versions/A/OSServices
0x00007ff8164e9000 	/System/Library/Frameworks/CoreServices.framework/Versions/A/Frameworks/SearchKit.framework/Versions/A/SearchKit
0x00007ff8109e0000 	/System/Library/Frameworks/CoreServices.framework/Versions/A/Frameworks/AE.framework/Versions/A/AE
0x00007ff80a9cf000 	/System/Library/Frameworks/CoreServices.framework/Versions/A/Frameworks/LaunchServices.framework/Versions/A/LaunchServices
0x00007ff8179e7000 	/System/Library/Frameworks/CoreServices.framework/Versions/A/Frameworks/DictionaryServices.framework/Versions/A/DictionaryServices
0x00007ff812491000 	/System/Library/Frameworks/CoreServices.framework/Versions/A/Frameworks/SharedFileList.framework/Versions/A/SharedFileList
0x00007ff816573000 	/usr/lib/libapple_nghttp2.dylib
0x00007ff80ece7000 	/usr/lib/libnetwork.dylib
0x00007ff81068b000 	/usr/lib/libsqlite3.dylib
0x00007ff810a64000 	/System/Library/Frameworks/Network.framework/Versions/A/Network
0x00007ffc0e80b000 	/usr/lib/libCoreEntitlements.dylib
0x00007ffb1a5be000 	/System/Library/PrivateFrameworks/MessageSecurity.framework/Versions/A/MessageSecurity
0x00007ff810672000 	/System/Library/PrivateFrameworks/ProtocolBuffer.framework/Versions/A/ProtocolBuffer
0x00007ff815e90000 	/System/Library/PrivateFrameworks/AppleFSCompression.framework/Versions/A/AppleFSCompression
0x00007ff8157d1000 	/usr/lib/libcoretls.dylib
0x00007ff817a4f000 	/usr/lib/libcoretls_cfhelpers.dylib
0x00007ff8165a4000 	/usr/lib/libpam.2.dylib
0x00007ff817ac1000 	/usr/lib/libxar.1.dylib
0x00007ff817fa4000 	/usr/lib/libheimdal-asn1.dylib
0x00007ff816329000 	/usr/lib/libpcap.A.dylib
0x00007ff810a53000 	/usr/lib/libdns_services.dylib
0x00007ff814a74000 	/System/Library/PrivateFrameworks/AppleSystemInfo.framework/Versions/A/AppleSystemInfo
0x00007ff8154db000 	/System/Library/PrivateFrameworks/IOMobileFramebuffer.framework/Versions/A/IOMobileFramebuffer
0x00007ff815f5f000 	/usr/lib/libbz2.1.0.dylib
0x00007ff8157c5000 	/usr/lib/libCheckFix.dylib
0x00007ff80f120000 	/System/Library/PrivateFrameworks/TCC.framework/Versions/A/TCC
0x00007ff814a7a000 	/System/Library/PrivateFrameworks/CoreNLP.framework/Versions/A/CoreNLP
0x00007ff8116c6000 	/System/Library/PrivateFrameworks/MetadataUtilities.framework/Versions/A/MetadataUtilities
0x00007ff8157fa000 	/usr/lib/libmecab.dylib
0x00007ff80b148000 	/usr/lib/libCRFSuite.dylib
0x00007ff815853000 	/usr/lib/libgermantok.dylib
0x00007ff81654f000 	/usr/lib/libThaiTokenizer.dylib
0x00007ff8117a5000 	/System/Library/Frameworks/Accelerate.framework/Versions/A/Frameworks/vImage.framework/Versions/A/vImage
0x00007ff81da9b000 	/System/Library/Frameworks/Accelerate.framework/Versions/A/Frameworks/vecLib.framework/Versions/A/vecLib
0x00007ff817b03000 	/System/Library/Frameworks/Accelerate.framework/Versions/A/Frameworks/vecLib.framework/Versions/A/libvMisc.dylib
0x00007ff8152f0000 	/System/Library/Frameworks/Accelerate.framework/Versions/A/Frameworks/vecLib.framework/Versions/A/libvDSP.dylib
0x00007ff80ad8c000 	/System/Library/Frameworks/Accelerate.framework/Versions/A/Frameworks/vecLib.framework/Versions/A/libBLAS.dylib
0x00007ff816688000 	/System/Library/Frameworks/Accelerate.framework/Versions/A/Frameworks/vecLib.framework/Versions/A/libLAPACK.dylib
0x00007ff815856000 	/System/Library/Frameworks/Accelerate.framework/Versions/A/Frameworks/vecLib.framework/Versions/A/libLinearAlgebra.dylib
0x00007ff81658e000 	/System/Library/Frameworks/Accelerate.framework/Versions/A/Frameworks/vecLib.framework/Versions/A/libSparseBLAS.dylib
0x00007ff816682000 	/System/Library/Frameworks/Accelerate.framework/Versions/A/Frameworks/vecLib.framework/Versions/A/libQuadrature.dylib
0x00007ff814b60000 	/System/Library/Frameworks/Accelerate.framework/Versions/A/Frameworks/vecLib.framework/Versions/A/libBNNS.dylib
0x00007ff80b051000 	/System/Library/Frameworks/Accelerate.framework/Versions/A/Frameworks/vecLib.framework/Versions/A/libSparse.dylib
0x00007ffb197fc000 	/System/Library/PrivateFrameworks/MIL.framework/Versions/A/MIL
0x00007ff81635e000 	/usr/lib/libiconv.2.dylib
0x00007ff8162b1000 	/usr/lib/libcharset.1.dylib
0x00007ff812468000 	/System/Library/Frameworks/OpenDirectory.framework/Versions/A/Frameworks/CFOpenDirectory.framework/Versions/A/CFOpenDirectory
0x00007ff81245c000 	/System/Library/Frameworks/OpenDirectory.framework/Versions/A/OpenDirectory
0x00007ff817a51000 	/System/Library/PrivateFrameworks/APFS.framework/Versions/A/APFS
0x00007ff815707000 	/System/Library/Frameworks/SecurityFoundation.framework/Versions/A/SecurityFoundation
0x00007ff817acf000 	/usr/lib/libutil.dylib
0x00007ffb18770000 	/System/Library/PrivateFrameworks/InstalledContentLibrary.framework/Versions/A/InstalledContentLibrary
0x00007ff80d4a5000 	/System/Library/PrivateFrameworks/CoreServicesStore.framework/Versions/A/CoreServicesStore
0x00007ffb0f753000 	/System/Library/PrivateFrameworks/AppleMobileFileIntegrity.framework/Versions/A/AppleMobileFileIntegrity
0x00007ff90ee6e000 	/usr/lib/libmis.dylib
0x00007ff91d6e4000 	/System/Library/PrivateFrameworks/MobileSystemServices.framework/Versions/A/MobileSystemServices
0x00007ffa192e9000 	/System/Library/PrivateFrameworks/ConfigProfileHelper.framework/Versions/A/ConfigProfileHelper
0x00007ff816551000 	/System/Library/PrivateFrameworks/AppleSauce.framework/Versions/A/AppleSauce
0x00007ff80bd62000 	/System/Library/PrivateFrameworks/LanguageModeling.framework/Versions/A/LanguageModeling
0x00007ff817ad3000 	/usr/lib/libxslt.1.dylib
0x00007ff816450000 	/usr/lib/libcmph.dylib
0x00007ff8154c8000 	/System/Library/PrivateFrameworks/CoreEmoji.framework/Versions/A/CoreEmoji
0x00007ff814b5b000 	/System/Library/PrivateFrameworks/LinguisticData.framework/Versions/A/LinguisticData
0x00007ff80b008000 	/System/Library/PrivateFrameworks/Lexicon.framework/Versions/A/Lexicon
0x00007ff815795000 	/System/Library/PrivateFrameworks/BackgroundTaskManagement.framework/Versions/A/BackgroundTaskManagement
0x00007ffc0e94d000 	/usr/lib/libTLE.dylib
0x00007ffc0f90a000 	/usr/lib/swift/libswift_RegexParser.dylib
0x00007ff81883d000 	/System/Library/PrivateFrameworks/AppleJPEG.framework/Versions/A/AppleJPEG
0x00007ff817f89000 	/usr/lib/libexpat.1.dylib
0x00007ff818f13000 	/System/Library/Frameworks/ImageIO.framework/Versions/A/Resources/libPng.dylib
0x00007ff818f40000 	/System/Library/Frameworks/ImageIO.framework/Versions/A/Resources/libTIFF.dylib
0x00007ff819032000 	/System/Library/Frameworks/ImageIO.framework/Versions/A/Resources/libGIF.dylib
0x00007ff818888000 	/System/Library/Frameworks/ImageIO.framework/Versions/A/Resources/libJP2.dylib
0x00007ff818fd2000 	/System/Library/Frameworks/ImageIO.framework/Versions/A/Resources/libJPEG.dylib
0x00007ff818fc9000 	/System/Library/Frameworks/ImageIO.framework/Versions/A/Resources/libRadiance.dylib
0x00007ff813e80000 	/System/Library/PrivateFrameworks/FontServices.framework/libFontParser.dylib
0x00007ff810985000 	/System/Library/PrivateFrameworks/RunningBoardServices.framework/Versions/A/RunningBoardServices
0x00007ff823e03000 	/System/Library/PrivateFrameworks/IOSurfaceAccelerator.framework/Versions/A/IOSurfaceAccelerator
0x00007ff818975000 	/System/Library/PrivateFrameworks/WatchdogClient.framework/Versions/A/WatchdogClient
0x00007ff80bec8000 	/System/Library/Frameworks/CoreDisplay.framework/Versions/A/CoreDisplay
0x00007ff813d6f000 	/System/Library/Frameworks/CoreMedia.framework/Versions/A/CoreMedia
0x00007ff813b57000 	/System/Library/PrivateFrameworks/IOAccelerator.framework/Versions/A/IOAccelerator
0x00007ff8125e2000 	/System/Library/Frameworks/CoreVideo.framework/Versions/A/CoreVideo
0x00007ff8165a2000 	/System/Library/Frameworks/MetalPerformanceShaders.framework/Versions/A/MetalPerformanceShaders
0x00007ff8189b4000 	/System/Library/Frameworks/VideoToolbox.framework/Versions/A/VideoToolbox
0x00007ff8108c3000 	/System/Library/PrivateFrameworks/BaseBoard.framework/Versions/A/BaseBoard
0x00007ff818fc2000 	/System/Library/PrivateFrameworks/GPUWrangler.framework/Versions/A/GPUWrangler
0x00007ff818fa6000 	/System/Library/PrivateFrameworks/IOPresentment.framework/Versions/A/IOPresentment
0x00007ff818fcc000 	/System/Library/PrivateFrameworks/DSExternalDisplay.framework/Versions/A/DSExternalDisplay
0x00007ffb14cd6000 	/System/Library/PrivateFrameworks/GPUCompiler.framework/Versions/31001/Libraries/libllvm-flatbuffers.dylib
0x00007ffa2358b000 	/System/Library/Frameworks/OpenGL.framework/Versions/A/Libraries/libCoreFSCache.dylib
0x00007ffb14cd2000 	/System/Library/PrivateFrameworks/GPUCompiler.framework/Versions/31001/Libraries/libGPUCompilerUtils.dylib
0x00007ff819038000 	/System/Library/PrivateFrameworks/CMCaptureCore.framework/Versions/A/CMCaptureCore
0x00007ffa2906a000 	/System/Library/Frameworks/ExtensionFoundation.framework/Versions/A/ExtensionFoundation
0x00007ff81faa9000 	/System/Library/PrivateFrameworks/CoreTime.framework/Versions/A/CoreTime
0x00007ff818542000 	/System/Library/PrivateFrameworks/AppServerSupport.framework/Versions/A/AppServerSupport
0x00007ff81a8cd000 	/System/Library/PrivateFrameworks/perfdata.framework/Versions/A/perfdata
0x00007ff80bff4000 	/System/Library/PrivateFrameworks/AudioToolboxCore.framework/Versions/A/AudioToolboxCore
0x00007ff813d4a000 	/System/Library/PrivateFrameworks/caulk.framework/Versions/A/caulk
0x00007ff81a1aa000 	/usr/lib/libAudioStatistics.dylib
0x00007ff90e314000 	/System/Library/PrivateFrameworks/SystemPolicy.framework/Versions/A/SystemPolicy
0x00007ff81a443000 	/usr/lib/libSMC.dylib
0x00007ff8235f7000 	/System/Library/Frameworks/CoreMIDI.framework/Versions/A/CoreMIDI
0x00007ff818ee1000 	/usr/lib/libAudioToolboxUtility.dylib
0x00007ff828f8e000 	/System/Library/PrivateFrameworks/OSAServicesClient.framework/Versions/A/OSAServicesClient
0x00007ff81a8da000 	/usr/lib/libperfcheck.dylib
0x00007ff817e69000 	/System/Library/PrivateFrameworks/PlugInKit.framework/Versions/A/PlugInKit
0x00007ff8156fa000 	/System/Library/PrivateFrameworks/AssertionServices.framework/Versions/A/AssertionServices
0x00007ffa235e8000 	/System/Library/Frameworks/OpenGL.framework/Versions/A/Libraries/libGLU.dylib
0x00007ffa235aa000 	/System/Library/Frameworks/OpenGL.framework/Versions/A/Libraries/libGFXShared.dylib
0x00007ffa237a9000 	/System/Library/Frameworks/OpenGL.framework/Versions/A/Libraries/libGL.dylib
0x00007ffa235b3000 	/System/Library/Frameworks/OpenGL.framework/Versions/A/Libraries/libGLImage.dylib
0x00007ffa235a7000 	/System/Library/Frameworks/OpenGL.framework/Versions/A/Libraries/libCVMSPluginSupport.dylib
0x00007ffc0e92c000 	/usr/lib/libRosetta.dylib
0x00007ffa23592000 	/System/Library/Frameworks/OpenGL.framework/Versions/A/Libraries/libCoreVMClient.dylib
0x00007ff8149e9000 	/System/Library/Frameworks/MetalPerformanceShaders.framework/Versions/A/Frameworks/MPSCore.framework/Versions/A/MPSCore
0x00007ff815dfa000 	/System/Library/Frameworks/MetalPerformanceShaders.framework/Versions/A/Frameworks/MPSImage.framework/Versions/A/MPSImage
0x00007ff81586c000 	/System/Library/Frameworks/MetalPerformanceShaders.framework/Versions/A/Frameworks/MPSNeuralNetwork.framework/Versions/A/MPSNeuralNetwork
0x00007ff815cdd000 	/System/Library/Frameworks/MetalPerformanceShaders.framework/Versions/A/Frameworks/MPSMatrix.framework/Versions/A/MPSMatrix
0x00007ff815a99000 	/System/Library/Frameworks/MetalPerformanceShaders.framework/Versions/A/Frameworks/MPSRayIntersector.framework/Versions/A/MPSRayIntersector
0x00007ff815d19000 	/System/Library/Frameworks/MetalPerformanceShaders.framework/Versions/A/Frameworks/MPSNDArray.framework/Versions/A/MPSNDArray
0x00007ffb0ae6f000 	/System/Library/Frameworks/MetalPerformanceShaders.framework/Versions/A/Frameworks/MPSFunctions.framework/Versions/A/MPSFunctions
0x00007ff80ac4c000 	/System/Library/PrivateFrameworks/MetalTools.framework/Versions/A/MetalTools
0x00007ff814a73000 	/System/Library/PrivateFrameworks/AggregateDictionary.framework/Versions/A/AggregateDictionary
0x00007ff817d1f000 	/usr/lib/libIOReport.dylib
0x00007ffb1d0c3000 	/System/Library/PrivateFrameworks/PhotosensitivityProcessing.framework/Versions/A/PhotosensitivityProcessing
0x00007ffa24b9a000 	/System/Library/Frameworks/OpenCL.framework/Versions/A/OpenCL
0x00007ff8180d1000 	/System/Library/PrivateFrameworks/GraphVisualizer.framework/Versions/A/GraphVisualizer
0x00007ffb14beb000 	/System/Library/PrivateFrameworks/FontServices.framework/Versions/A/FontServices
0x00007ff8184fd000 	/System/Library/PrivateFrameworks/OTSVG.framework/Versions/A/OTSVG
0x00007ff8121ab000 	/System/Library/Frameworks/ApplicationServices.framework/Versions/A/Frameworks/ATS.framework/Versions/A/Resources/libFontRegistry.dylib
0x00007ff81854c000 	/System/Library/PrivateFrameworks/FontServices.framework/libhvf.dylib
0x00007ffb14bec000 	/System/Library/PrivateFrameworks/FontServices.framework/libXTFontStaticRegistryData.dylib
0x00007ffb26714000 	/System/Library/PrivateFrameworks/VideoToolboxParavirtualizationSupport.framework/Versions/A/VideoToolboxParavirtualizationSupport
0x00007ff817f39000 	/System/Library/PrivateFrameworks/AppleVA.framework/Versions/A/AppleVA
0x00007ff81a1ea000 	/System/Library/Frameworks/ApplicationServices.framework/Versions/A/Frameworks/ATS.framework/Versions/A/ATS
0x00007ff80fd33000 	/System/Library/Frameworks/ApplicationServices.framework/Versions/A/Frameworks/HIServices.framework/Versions/A/HIServices
0x00007ff819044000 	/System/Library/Frameworks/ApplicationServices.framework/Versions/A/Frameworks/PrintCore.framework/Versions/A/PrintCore
0x00007ff81a599000 	/System/Library/Frameworks/ApplicationServices.framework/Versions/A/Frameworks/QD.framework/Versions/A/QD
0x00007ff81a591000 	/System/Library/Frameworks/ApplicationServices.framework/Versions/A/Frameworks/ColorSyncLegacy.framework/Versions/A/ColorSyncLegacy
0x00007ff81a1be000 	/System/Library/Frameworks/ApplicationServices.framework/Versions/A/Frameworks/SpeechSynthesis.framework/Versions/A/SpeechSynthesis
0x00007ff819002000 	/System/Library/Frameworks/ApplicationServices.framework/Versions/A/Frameworks/ATSUI.framework/Versions/A/ATSUI
0x00007ff81a523000 	/usr/lib/libcups.2.dylib
0x00007ff81a8e9000 	/System/Library/Frameworks/Kerberos.framework/Versions/A/Kerberos
0x00007ff81a8f8000 	/System/Library/Frameworks/GSS.framework/Versions/A/GSS
0x00007ff81a258000 	/usr/lib/libresolv.9.dylib
0x00007ff81855c000 	/System/Library/PrivateFrameworks/Heimdal.framework/Versions/A/Heimdal
0x00007ff8217ec000 	/System/Library/Frameworks/Kerberos.framework/Versions/A/Libraries/libHeimdalProxy.dylib
0x00007ff81a943000 	/System/Library/PrivateFrameworks/CommonAuth.framework/Versions/A/CommonAuth
0x00007ffa2831a000 	/System/Library/Frameworks/AVFAudio.framework/Versions/A/AVFAudio
0x00007ff828fd7000 	/System/Library/PrivateFrameworks/AXCoreUtilities.framework/Versions/A/AXCoreUtilities
0x00007ff81a13c000 	/System/Library/PrivateFrameworks/AudioSession.framework/Versions/A/AudioSession
0x00007ff81b735000 	/System/Library/Frameworks/IOBluetooth.framework/Versions/A/IOBluetooth
0x00007ff81803f000 	/System/Library/PrivateFrameworks/MediaExperience.framework/Versions/A/MediaExperience
0x00007ff819fe6000 	/System/Library/PrivateFrameworks/AudioSession.framework/libSessionUtility.dylib
0x00007ff81a5a5000 	/System/Library/PrivateFrameworks/AudioResourceArbitration.framework/Versions/A/AudioResourceArbitration
0x00007ff81e6c3000 	/System/Library/PrivateFrameworks/PowerLog.framework/Versions/A/PowerLog
0x00007ff81e603000 	/System/Library/Frameworks/CoreBluetooth.framework/Versions/A/CoreBluetooth
0x00007ff8217ed000 	/System/Library/Frameworks/AudioUnit.framework/Versions/A/AudioUnit
0x00007ff815564000 	/System/Library/PrivateFrameworks/CoreUtils.framework/Versions/A/CoreUtils
0x00007ffb136b9000 	/System/Library/PrivateFrameworks/CoreUtilsExtras.framework/Versions/A/CoreUtilsExtras
0x00007ffb185ff000 	/System/Library/PrivateFrameworks/IO80211.framework/Versions/A/IO80211
0x00007ff817fad000 	/System/Library/PrivateFrameworks/IconFoundation.framework/Versions/A/IconFoundation
0x00007ff81d6bb000 	/System/Library/PrivateFrameworks/SpeechRecognitionCore.framework/Versions/A/SpeechRecognitionCore
0x0000000102b8c000 	/Applications/jmonkeyplatform.app/Contents/Resources/jmonkeyplatform/jdk/lib/server/libjvm.dylib
0x0000000101e02000 	/Applications/jmonkeyplatform.app/Contents/Resources/jmonkeyplatform/jdk/lib/libverify.dylib
0x0000000101e3f000 	/Applications/jmonkeyplatform.app/Contents/Resources/jmonkeyplatform/jdk/lib/libjava.dylib
0x0000000101e13000 	/Applications/jmonkeyplatform.app/Contents/Resources/jmonkeyplatform/jdk/lib/libjimage.dylib
0x0000000101e2c000 	/Applications/jmonkeyplatform.app/Contents/Resources/jmonkeyplatform/jdk/lib/libzip.dylib
0x00000001028d9000 	/Applications/jmonkeyplatform.app/Contents/Resources/jmonkeyplatform/jdk/lib/libnio.dylib
0x0000000102905000 	/Applications/jmonkeyplatform.app/Contents/Resources/jmonkeyplatform/jdk/lib/libnet.dylib
0x000000010299a000 	/Applications/jmonkeyplatform.app/Contents/Resources/jmonkeyplatform/jdk/lib/libawt.dylib
0x0000000102a37000 	/Applications/jmonkeyplatform.app/Contents/Resources/jmonkeyplatform/jdk/lib/libmlib_image.dylib
0x00007ffa29640000 	/System/Library/Frameworks/JavaRuntimeSupport.framework/Versions/A/JavaRuntimeSupport
0x00007ff90dd26000 	/System/Library/Frameworks/Carbon.framework/Versions/A/Carbon
0x00007ff81f9c5000 	/System/Library/PrivateFrameworks/CoreSymbolication.framework/Versions/A/CoreSymbolication
0x00007ff825346000 	/System/Library/Frameworks/Carbon.framework/Versions/A/Frameworks/CommonPanels.framework/Versions/A/CommonPanels
0x00007ff821153000 	/System/Library/Frameworks/Carbon.framework/Versions/A/Frameworks/Help.framework/Versions/A/Help
0x00007ff82534a000 	/System/Library/Frameworks/Carbon.framework/Versions/A/Frameworks/ImageCapture.framework/Versions/A/ImageCapture
0x00007ff825322000 	/System/Library/Frameworks/Carbon.framework/Versions/A/Frameworks/OpenScripting.framework/Versions/A/OpenScripting
0x00007ff825342000 	/System/Library/Frameworks/Carbon.framework/Versions/A/Frameworks/Ink.framework/Versions/A/Ink
0x00007ff90dd22000 	/System/Library/Frameworks/Carbon.framework/Versions/A/Frameworks/Print.framework/Versions/A/Print
0x00007ff82533e000 	/System/Library/Frameworks/Carbon.framework/Versions/A/Frameworks/SecurityHI.framework/Versions/A/SecurityHI
0x00007ff81f986000 	/System/Library/PrivateFrameworks/DebugSymbols.framework/Versions/A/DebugSymbols
0x00000001239db000 	/Applications/jmonkeyplatform.app/Contents/Resources/jmonkeyplatform/jdk/lib/libawt_lwawt.dylib
0x0000000102944000 	/Applications/jmonkeyplatform.app/Contents/Resources/jmonkeyplatform/jdk/lib/libosxapp.dylib
0x00007ff90cfd3000 	/System/Library/Frameworks/ExceptionHandling.framework/Versions/A/ExceptionHandling
0x0000000123c20000 	/Applications/jmonkeyplatform.app/Contents/Resources/jmonkeyplatform/jdk/lib/libfontmanager.dylib
0x0000000123aae000 	/Applications/jmonkeyplatform.app/Contents/Resources/jmonkeyplatform/jdk/lib/libfreetype.dylib
0x00007ff81ecb1000 	/System/Library/Frameworks/FileProvider.framework/Versions/A/FileProvider
0x00007ff81082e000 	/System/Library/Frameworks/Accounts.framework/Versions/A/Accounts
0x00007ff812671000 	/System/Library/PrivateFrameworks/UserManagement.framework/Versions/A/UserManagement
0x00007ff81ee49000 	/System/Library/PrivateFrameworks/GenerationalStorage.framework/Versions/A/GenerationalStorage
0x00007ff81e6b8000 	/System/Library/PrivateFrameworks/SymptomDiagnosticReporter.framework/Versions/A/SymptomDiagnosticReporter
0x00007ff80e7ed000 	/System/Library/PrivateFrameworks/DesktopServicesPriv.framework/Versions/A/DesktopServicesPriv
0x00007ff80d5af000 	/usr/lib/libsandbox.1.dylib
0x00007ff81a586000 	/System/Library/PrivateFrameworks/NetAuth.framework/Versions/A/NetAuth
0x00007ff81b5b4000 	/System/Library/PrivateFrameworks/Sharing.framework/Versions/A/Sharing
0x00007ff812637000 	/System/Library/PrivateFrameworks/login.framework/Versions/A/Frameworks/loginsupport.framework/Versions/A/loginsupport
0x00007ff820cc7000 	/System/Library/PrivateFrameworks/Apple80211.framework/Versions/A/Apple80211
0x00007ff815fa1000 	/System/Library/PrivateFrameworks/AuthKit.framework/Versions/A/AuthKit
0x00007ff8154e9000 	/System/Library/Frameworks/CoreWLAN.framework/Versions/A/CoreWLAN
0x00007ff820ccb000 	/System/Library/PrivateFrameworks/CoreWiFi.framework/Versions/A/CoreWiFi
0x00007ffa1307d000 	/System/Library/PrivateFrameworks/WiFiPeerToPeer.framework/Versions/A/WiFiPeerToPeer
0x00007ff81f52d000 	/System/Library/PrivateFrameworks/FrontBoardServices.framework/Versions/A/FrontBoardServices
0x00007ff81f5c6000 	/System/Library/PrivateFrameworks/BoardServices.framework/Versions/A/BoardServices
0x00007ff820e65000 	/System/Library/PrivateFrameworks/BackBoardServices.framework/Versions/A/BackBoardServices
0x00007ff816119000 	/System/Library/Frameworks/UserNotifications.framework/Versions/A/UserNotifications
0x00007ff81aa3b000 	/System/Library/PrivateFrameworks/CorePhoneNumbers.framework/Versions/A/CorePhoneNumbers
0x00007ff81a285000 	/System/Library/PrivateFrameworks/MultiverseSupport.framework/Versions/A/MultiverseSupport
0x00007ff8210e0000 	/System/Library/PrivateFrameworks/RemoteServiceDiscovery.framework/Versions/A/RemoteServiceDiscovery
0x00007ff81e7d2000 	/System/Library/PrivateFrameworks/DiskManagement.framework/Versions/A/DiskManagement
0x00007ff81e6ea000 	/System/Library/PrivateFrameworks/AppleIDAuthSupport.framework/Versions/A/AppleIDAuthSupport
0x00007ffb0dc2a000 	/System/Library/PrivateFrameworks/AAAFoundation.framework/Versions/A/AAAFoundation
0x00007ff81aa14000 	/System/Library/PrivateFrameworks/KeychainCircle.framework/Versions/A/KeychainCircle
0x00007ff8210f0000 	/System/Library/PrivateFrameworks/RemoteXPC.framework/Versions/A/RemoteXPC
0x00007ff81e79e000 	/System/Library/PrivateFrameworks/MediaKit.framework/Versions/A/MediaKit
0x00007ff81e6f6000 	/System/Library/Frameworks/DiscRecording.framework/Versions/A/DiscRecording
0x00007ff817ead000 	/usr/lib/libCoreStorage.dylib
0x00007ff82115b000 	/usr/lib/libcsfde.dylib
0x00007ff81b80a000 	/System/Library/PrivateFrameworks/ProtectedCloudStorage.framework/Versions/A/ProtectedCloudStorage
0x00007ff821157000 	/System/Library/PrivateFrameworks/EFILogin.framework/Versions/A/EFILogin
0x00007ff81ee6f000 	/System/Library/PrivateFrameworks/OctagonTrust.framework/Versions/A/OctagonTrust
0x00007ff817ea5000 	/usr/lib/libMatch.1.dylib
0x00007ff916cca000 	/System/Library/CoreServices/RawCamera.bundle/Contents/MacOS/RawCamera
0x00007ff81a953000 	/System/Library/PrivateFrameworks/MobileAsset.framework/Versions/A/MobileAsset
0x00007ff9145a3000 	/System/Library/PrivateFrameworks/SoftwareUpdateCoreSupport.framework/Versions/A/SoftwareUpdateCoreSupport
0x00007ff91a9f7000 	/System/Library/PrivateFrameworks/SoftwareUpdateCoreConnect.framework/Versions/A/SoftwareUpdateCoreConnect
0x00007ff821811000 	/System/Library/PrivateFrameworks/StreamingZip.framework/Versions/A/StreamingZip
0x00007ff91426b000 	/System/Library/PrivateFrameworks/MSUDataAccessor.framework/Versions/A/MSUDataAccessor
0x00007ff91072d000 	/usr/lib/libbootpolicy.dylib
0x00007ff9213ed000 	/usr/lib/libpartition2_dynamic.dylib
0x00007ffb1025b000 	/System/Library/PrivateFrameworks/CMPhoto.framework/Versions/A/CMPhoto
0x00007ff81f859000 	/System/Library/PrivateFrameworks/AppleVPA.framework/Versions/A/AppleVPA
0x00007ff819274000 	/System/Library/Frameworks/MediaToolbox.framework/Versions/A/MediaToolbox
0x00007ff81ec81000 	/System/Library/PrivateFrameworks/CoreAVCHD.framework/Versions/A/CoreAVCHD
0x00007ff81ddc0000 	/System/Library/Frameworks/MediaAccessibility.framework/Versions/A/MediaAccessibility
0x00007ff81ec7d000 	/System/Library/PrivateFrameworks/Mangrove.framework/Versions/A/Mangrove
0x00007ff81e8c2000 	/System/Library/PrivateFrameworks/CoreAUC.framework/Versions/A/CoreAUC
0x00007ff913c5a000 	/System/Library/Frameworks/Accelerate.framework/Versions/A/Frameworks/vImage.framework/Versions/A/Libraries/libCGInterfaces.dylib
0x0000000126ad4000 	/usr/lib/libobjc-trampolines.dylib
0x00007ffc0e6dd000 	/usr/lib/libAccessibilityBaseImplementations.dylib
0x00007ff812350000 	/System/Library/PrivateFrameworks/ViewBridge.framework/Versions/A/ViewBridge
0x00007ff818614000 	/System/Library/PrivateFrameworks/login.framework/Versions/A/login
0x00007ffa237b4000 	/System/Library/Frameworks/OpenGL.framework/Versions/A/Resources/GLEngine.bundle/GLEngine
0x00007ffa23625000 	/System/Library/Frameworks/OpenGL.framework/Versions/A/Libraries/libGLProgrammability.dylib
0x00007ffa1bece000 	/System/Library/Extensions/AppleIntelKBLGraphicsGLDriver.bundle/Contents/MacOS/AppleIntelKBLGraphicsGLDriver
0x00007ff91a577000 	/System/Library/PrivateFrameworks/GPUSupport.framework/Versions/A/Libraries/libGPUSupportMercury.dylib
0x00007ffa23936000 	/System/Library/Frameworks/OpenGL.framework/Versions/A/Resources/GLRendererFloat.bundle/GLRendererFloat
0x0000000128f44000 	/Applications/jmonkeyplatform.app/Contents/Resources/jmonkeyplatform/jdk/lib/libosxui.dylib
0x0000000128f52000 	/Applications/jmonkeyplatform.app/Contents/Resources/jmonkeyplatform/jdk/lib/libprefs.dylib
0x00007ffa19f3a000 	/System/Library/Extensions/AppleIntelKBLGraphicsMTLDriver.bundle/Contents/MacOS/AppleIntelKBLGraphicsMTLDriver
0x00007ff90ee80000 	/System/Library/PrivateFrameworks/GPURawCounter.framework/Versions/A/GPURawCounter
0x0000000159b40000 	/Users/teodoroadinolfi/Desktop/HelloDinoTerrain/libopenal.dylib
0x0000000159b9c000 	/Users/teodoroadinolfi/Desktop/HelloDinoTerrain/liblwjgl.dylib
0x0000000129a31000 	/Applications/jmonkeyplatform.app/Contents/Resources/jmonkeyplatform/jdk/lib/libjawt.dylib


VM Arguments:
jvm_args: -Dfile.encoding=UTF-8 --module-path=/Users/teodoroadinolfi/Desktop/HelloDinoTerrain/build/classes 
java_command: hello.Main
java_class_path (initial): /Applications/jmonkeyplatform.app/Contents/Resources/jmonkeyplatform/jmonkeyplatform/libs/jme3-jogg-3.5.2-stable.jar:/Applications/jmonkeyplatform.app/Contents/Resources/jmonkeyplatform/jmonkeyplatform/libs/j-ogg-all-1.0.1.jar:/Applications/jmonkeyplatform.app/Contents/Resources/jmonkeyplatform/jmonkeyplatform/libs/jmf-2.1.1e.jar:/Applications/jmonkeyplatform.app/Contents/Resources/jmonkeyplatform/jmonkeyplatform/libs/jme3-networking-3.5.2-stable.jar:/Applications/jmonkeyplatform.app/Contents/Resources/jmonkeyplatform/jmonkeyplatform/libs/jme3-plugins-3.5.2-stable.jar:/Applications/jmonkeyplatform.app/Contents/Resources/jmonkeyplatform/jmonkeyplatform/libs/gson-2.8.1.jar:/Applications/jmonkeyplatform.app/Contents/Resources/jmonkeyplatform/jmonkeyplatform/libs/jme3-core-3.5.2-stable.jar:/Applications/jmonkeyplatform.app/Contents/Resources/jmonkeyplatform/jmonkeyplatform/libs/jme3-desktop-3.5.2-stable.jar:/Applications/jmonkeyplatform.app/Contents/Resources/jmonkeyplatform/jmonkeyplatform/libs/jme3-lwjgl-3.5.2-stable.jar:/Applications/jmonkeyplatform.app/Contents/Resources/jmonkeyplatform/jmonkeyplatform/libs/jinput-2.0.9.jar:/Applications/jmonkeyplatform.app/Contents/Resources/jmonkeyplatform/jmonkeyplatform/libs/jinput-2.0.9-natives-all.jar:/Applications/jmonkeyplatform.app/Contents/Resources/jmonkeyplatform/jmonkeyplatform/libs/lwjgl-2.9.3.jar:/Applications/jmonkeyplatform.app/Contents/Resources/jmonkeyplatform/jmonkeyplatform/libs/lwjgl-platform-2.9.3-natives-windows.jar:/Applications/jmonkeyplatform.app/Contents/Resources/jmonkeyplatform/jmonkeyplatform/libs/lwjgl-platform-2.9.3-natives-linux.jar:/Applications/jmonkeyplatform.app/Contents/Resources/jmonkeyplatform/jmonkeyplatform/libs/lwjgl-platform-2.9.3-natives-osx.jar:/Applications/jmonkeyplatform.app/Contents/Resources/jmonkeyplatform/jmonkeyplatform/libs/jme3-effects-3.5.2-stable.jar:/Applications/jmonkeyplatform.app/Contents/Resources/jmonkeyplatform/jmonkeyplatform/libs/jme3-te
Launcher Type: SUN_STANDARD

[Global flags]
     intx CICompilerCount                          = 4                                         {product} {ergonomic}
     uint ConcGCThreads                            = 2                                         {product} {ergonomic}
     uint G1ConcRefinementThreads                  = 8                                         {product} {ergonomic}
   size_t G1HeapRegionSize                         = 1048576                                   {product} {ergonomic}
    uintx GCDrainStackTargetSize                   = 64                                        {product} {ergonomic}
   size_t InitialHeapSize                          = 134217728                                 {product} {ergonomic}
   size_t MarkStackSize                            = 4194304                                   {product} {ergonomic}
   size_t MaxHeapSize                              = 2147483648                                {product} {ergonomic}
   size_t MaxNewSize                               = 1287651328                                {product} {ergonomic}
   size_t MinHeapDeltaBytes                        = 1048576                                   {product} {ergonomic}
    uintx NonNMethodCodeHeapSize                   = 5836300                                {pd product} {ergonomic}
    uintx NonProfiledCodeHeapSize                  = 122910970                              {pd product} {ergonomic}
    uintx ProfiledCodeHeapSize                     = 122910970                              {pd product} {ergonomic}
    uintx ReservedCodeCacheSize                    = 251658240                              {pd product} {ergonomic}
     bool SegmentedCodeCache                       = true                                      {product} {ergonomic}
     bool UseCompressedClassPointers               = true                                 {lp64_product} {ergonomic}
     bool UseCompressedOops                        = true                                 {lp64_product} {ergonomic}
     bool UseG1GC                                  = true                                      {product} {ergonomic}

Logging:
Log output configuration:
 #0: stdout all=warning uptime,level,tags
 #1: stderr all=off uptime,level,tags

Environment Variables:
PATH=/usr/bin:/bin:/usr/sbin:/sbin
SHELL=/bin/zsh
LC_CTYPE=UTF-8
TMPDIR=/var/folders/hx/f1sww44n6xv7pmplhm462_6h0000gn/T/

Signal Handlers:
SIGSEGV: [libjvm.dylib+0x7c85a6], sa_mask[0]=11111111011111110111111111111111, sa_flags=SA_ONSTACK|SA_RESTART|SA_SIGINFO
SIGBUS: [libjvm.dylib+0x7c85a6], sa_mask[0]=11111111011111110111111111111111, sa_flags=SA_RESTART|SA_SIGINFO
SIGFPE: [libjvm.dylib+0x7c85a6], sa_mask[0]=11111111011111110111111111111111, sa_flags=SA_RESTART|SA_SIGINFO
SIGPIPE: [libjvm.dylib+0x62cda2], sa_mask[0]=11111111011111110111111111111111, sa_flags=SA_RESTART|SA_SIGINFO
SIGXFSZ: [libjvm.dylib+0x62cda2], sa_mask[0]=11111111011111110111111111111111, sa_flags=SA_RESTART|SA_SIGINFO
SIGILL: [libjvm.dylib+0x7c85a6], sa_mask[0]=11111111011111110111111111111111, sa_flags=SA_RESTART|SA_SIGINFO
SIGUSR2: [libjvm.dylib+0x62d389], sa_mask[0]=00100000000000000000000000000000, sa_flags=SA_RESTART|SA_SIGINFO
SIGHUP: [libjvm.dylib+0x62bee5], sa_mask[0]=11111111011111110111111111111111, sa_flags=SA_RESTART|SA_SIGINFO
SIGINT: SIG_IGN, sa_mask[0]=00000000000000000000000000000000, sa_flags=none
SIGTERM: [libjvm.dylib+0x62bee5], sa_mask[0]=11111111011111110111111111111111, sa_flags=SA_RESTART|SA_SIGINFO
SIGQUIT: [libjvm.dylib+0x62bee5], sa_mask[0]=11111111011111110111111111111111, sa_flags=SA_RESTART|SA_SIGINFO


---------------  S Y S T E M  ---------------

OS:uname:Darwin 22.4.0 Darwin Kernel Version 22.4.0: Mon Mar  6 21:00:17 PST 2023; root:xnu-8796.101.5~3/RELEASE_X86_64 x86_64
OS uptime: 1 days 16:22 hours
rlimit (soft/hard): STACK 8192k/65532k , CORE 0k/infinity , NPROC 1392/2088 , NOFILE 10240/infinity , AS infinity/infinity , CPU infinity/infinity , DATA infinity/infinity , FSIZE infinity/infinity , MEMLOCK infinity/infinity , RSS infinity/infinity
load average:3.54 3.56 3.42

CPU:total 8 (initial active 8) (4 cores per cpu, 2 threads per core) family 6 model 142 stepping 10 microcode 0xf0, cmov, cx8, fxsr, mmx, sse, sse2, sse3, ssse3, sse4.1, sse4.2, popcnt, avx, avx2, aes, clmul, erms, 3dnowpref, lzcnt, ht, tsc, tscinvbit, bmi1, bmi2, adx, fma

Memory: 4k page, physical 8388608k(1153920k free), swap 2097152k(899584k free)

vm_info: OpenJDK 64-Bit Server VM (11.0.17+8) for bsd-amd64 JRE (11.0.17+8), built on Oct 19 2022 05:41:33 by "jenkins" with clang 4.2.1 Compatible Apple LLVM 10.0.1 (clang-1001.0.46.4)

END.
